function Employee(id, name, salary){
this.id = id;
this.name = name;
this.salary = salary;
}
undefined
var ram = new Employee(1001, "Ram",9999);
undefined
ram;
Employee {id: 1001, name: "Ram", salary: 9999}
typeof ram;
"object"
ram instanceof Employee;
true
var obj = {a:10,b:20};
undefined
typeof Employee;
"function"
Employee.prototype;
{constructor: ƒ}
typeof Employee.prototype;
"object"
Employee.prototype;
{constructor: ƒ}
typeof Employee;
"function"
typeof Employee.prototype;
"object"
ram;
Employee {id: 1001, name: "Ram", salary: 9999}id: 1001name: "Ram"salary: 9999__proto__: Object
var shyam = new Employee(1002, "Shyam",54353);
undefined
shyam;
Employee {id: 1002, name: "Shyam", salary: 54353}
shyam.id = 32434;
32434
ram;
Employee {id: 1001, name: "Ram", salary: 9999}
ram;
Employee {id: 1001, name: "Ram", salary: 9999}id: 1001name: "Ram"salary: 9999__proto__: Object
ram.__proto__;
{constructor: ƒ}constructor: ƒ Employee(id, name, salary)arguments: nullcaller: nulllength: 3name: "Employee"prototype: {constructor: ƒ}__proto__: ƒ ()[[FunctionLocation]]: VM158:1[[Scopes]]: Scopes[1]__proto__: Object
ram.__proto__ == Employee.prototype;
true
console.dir(ram);
VM995:1 Employeeid: 1001name: "Ram"salary: 9999__proto__: constructor: ƒ Employee(id, name, salary)__proto__: constructor: ƒ Object()hasOwnProperty: ƒ hasOwnProperty()isPrototypeOf: ƒ isPrototypeOf()propertyIsEnumerable: ƒ propertyIsEnumerable()toLocaleString: ƒ toLocaleString()toString: ƒ toString()valueOf: ƒ valueOf()__defineGetter__: ƒ __defineGetter__()__defineSetter__: ƒ __defineSetter__()__lookupGetter__: ƒ __lookupGetter__()__lookupSetter__: ƒ __lookupSetter__()get __proto__: ƒ __proto__()set __proto__: ƒ __proto__()
undefined
ram.__proto__ = Employee.prototype;
{constructor: ƒ}
Employee == Employee.prototype.constructor;
true
Employee.prototype;
{constructor: ƒ}constructor: ƒ Employee(id, name, salary)__proto__: Object
Employee.prototype.__proto__==Object.prototype;
true
Employee.prototype.__proto__;
{constructor: ƒ, __defineGetter__: ƒ, __defineSetter__: ƒ, hasOwnProperty: ƒ, __lookupGetter__: ƒ, …}constructor: ƒ Object()hasOwnProperty: ƒ hasOwnProperty()isPrototypeOf: ƒ isPrototypeOf()propertyIsEnumerable: ƒ propertyIsEnumerable()toLocaleString: ƒ toLocaleString()toString: ƒ toString()valueOf: ƒ valueOf()__defineGetter__: ƒ __defineGetter__()__defineSetter__: ƒ __defineSetter__()__lookupGetter__: ƒ __lookupGetter__()__lookupSetter__: ƒ __lookupSetter__()get __proto__: ƒ __proto__()set __proto__: ƒ __proto__()
Employee.prototype.__proto__;
{constructor: ƒ, __defineGetter__: ƒ, __defineSetter__: ƒ, hasOwnProperty: ƒ, __lookupGetter__: ƒ, …}
Employee.prototype.__proto__.prototype;
undefined
Employee.prototype.__proto__.__proto__
null
Employee.prototype.__proto__.constructor;
ƒ Object() { [native code] }
console.dir(Employee.prototype.__proto__.constructor);
VM1463:1 ƒ Object()arguments: (...)assign: ƒ assign()caller: (...)create: ƒ create()defineProperties: ƒ defineProperties()defineProperty: ƒ defineProperty()entries: ƒ entries()freeze: ƒ freeze()fromEntries: ƒ fromEntries()getOwnPropertyDescriptor: ƒ getOwnPropertyDescriptor()getOwnPropertyDescriptors: ƒ getOwnPropertyDescriptors()getOwnPropertyNames: ƒ getOwnPropertyNames()getOwnPropertySymbols: ƒ getOwnPropertySymbols()getPrototypeOf: ƒ getPrototypeOf()is: ƒ is()isExtensible: ƒ isExtensible()isFrozen: ƒ isFrozen()isSealed: ƒ isSealed()keys: ƒ keys()length: 1name: "Object"preventExtensions: ƒ preventExtensions()prototype: {constructor: ƒ, __defineGetter__: ƒ, __defineSetter__: ƒ, hasOwnProperty: ƒ, __lookupGetter__: ƒ, …}seal: ƒ seal()setPrototypeOf: ƒ setPrototypeOf()values: ƒ values()__proto__: ƒ ()apply: ƒ apply()arguments: (...)bind: ƒ bind()call: ƒ call()caller: (...)constructor: ƒ Function()length: 0name: ""toString: ƒ toString()Symbol(Symbol.hasInstance): ƒ [Symbol.hasInstance]()get arguments: ƒ ()set arguments: ƒ ()get caller: ƒ ()set caller: ƒ ()__proto__: Object[[FunctionLocation]]: <unknown>[[Scopes]]: Scopes[0][[Scopes]]: Scopes[0]
undefined
console.dir(Employee.prototype.__proto__.constructor.__proto__);
VM1503:1 ƒ anonymous()apply: ƒ apply()arguments: (...)bind: ƒ bind()call: ƒ call()caller: (...)constructor: ƒ Function()length: 0name: ""toString: ƒ toString()Symbol(Symbol.hasInstance): ƒ [Symbol.hasInstance]()get arguments: ƒ ()set arguments: ƒ ()get caller: ƒ ()set caller: ƒ ()__proto__: Object[[FunctionLocation]]: <unknown>[[Scopes]]: Scopes[0]
undefined
ram;
Employee {id: 1001, name: "Ram", salary: 9999}
shyam;
Employee {id: 32434, name: "Shyam", salary: 54353}
function Employee(id, name, salary){
this.id = id;
this.name = name;
this.salary = salary;
/*this.print = function(){

}*/
}

Employee.prototype.show= function(){
console.log(`Id is ${this.id} Name is ${this.name}`);
}
ƒ (){
console.log(`Id is ${this.id} Name is ${this.name}`);
}
ram;
Employee {id: 1001, name: "Ram", salary: 9999}
shyam;
Employee {id: 32434, name: "Shyam", salary: 54353}
ram.__proto__
{constructor: ƒ}constructor: ƒ Employee(id, name, salary)__proto__: Objectconstructor: ƒ Object()hasOwnProperty: ƒ hasOwnProperty()isPrototypeOf: ƒ isPrototypeOf()propertyIsEnumerable: ƒ propertyIsEnumerable()toLocaleString: ƒ toLocaleString()toString: ƒ toString()valueOf: ƒ valueOf()__defineGetter__: ƒ __defineGetter__()__defineSetter__: ƒ __defineSetter__()__lookupGetter__: ƒ __lookupGetter__()__lookupSetter__: ƒ __lookupSetter__()get __proto__: ƒ __proto__()set __proto__: ƒ __proto__()
var ram = new Employee(1001, 'ram',9999);
undefined
ram;
Employee {id: 1001, name: "ram", salary: 9999}id: 1001name: "ram"salary: 9999__proto__: show: ƒ ()constructor: ƒ Employee(id, name, salary)__proto__: Object
Employee.prototype.calc = function(){
console.log('Calc Call ');
}
ƒ (){
console.log('Calc Call ');
}
ram;
Employee {id: 1001, name: "ram", salary: 9999}id: 1001name: "ram"salary: 9999__proto__: calc: ƒ ()show: ƒ ()constructor: ƒ Employee(id, name, salary)__proto__: Object
ram.id;
1001
ram.show();
VM1710:11 Id is 1001 Name is ram
undefined
ram.toString();
"[object Object]"
